2022-07-28 16:02:22 [31mWARN [0;39m [36mplay.db.DBModule[0;39m [35m[0;39m Configuration not found for database: merge of system properties,hardcoded value,application.conf @ file:/Users/doruntinemaloku/Documents/Backend_API_Excersise/target/scala-2.13/classes/application.conf: 1,play/reference-overrides.conf @ jar:file:/Users/doruntinemaloku/Library/Caches/Coursier/v1/https/repo1.maven.org/maven2/com/typesafe/play/play-akka-http-server_2.13/2.8.16/play-akka-http-server_2.13-2.8.16.jar!/play/reference-overrides.conf: 1,play/reference-overrides.conf @ jar:file:/Users/doruntinemaloku/Library/Caches/Coursier/v1/https/repo1.maven.org/maven2/com/typesafe/play/play_2.13/2.8.16/play_2.13-2.8.16.jar!/play/reference-overrides.conf: 1,reference.conf @ file:/Users/doruntinemaloku/Documents/Backend_API_Excersise/target/scala-2.13/classes/reference.conf: 1,reference.conf @ jar:file:/Users/doruntinemaloku/Library/Caches/Coursier/v1/https/repo1.maven.org/maven2/com/typesafe/play/play-server_2.13/2.8.16/play-server_2.13-2.8.16.jar!/reference.conf: 1,reference.conf @ jar:file:/Users/doruntinemaloku/Library/Caches/Coursier/v1/https/repo1.maven.org/maven2/com/typesafe/play/play-akka-http-server_2.13/2.8.16/play-akka-http-server_2.13-2.8.16.jar!/reference.conf: 1,reference.conf @ jar:file:/Users/doruntinemaloku/Library/Caches/Coursier/v1/https/repo1.maven.org/maven2/com/typesafe/play/play-java-forms_2.13/2.8.16/play-java-forms_2.13-2.8.16.jar!/reference.conf: 1,reference.conf @ jar:file:/Users/doruntinemaloku/Library/Caches/Coursier/v1/https/repo1.maven.org/maven2/com/typesafe/play/filters-helpers_2.13/2.8.16/filters-helpers_2.13-2.8.16.jar!/reference.conf: 1,reference.conf @ jar:file:/Users/doruntinemaloku/Library/Caches/Coursier/v1/https/repo1.maven.org/maven2/com/typesafe/play/play-java-jdbc_2.13/2.8.16/play-java-jdbc_2.13-2.8.16.jar!/reference.conf: 1,reference.conf @ jar:file:/Users/doruntinemaloku/Library/Caches/Coursier/v1/https/repo1.maven.org/maven2/com/typesafe/play/play-guice_2.13/2.8.16/play-guice_2.13-2.8.16.jar!/reference.conf: 1,reference.conf @ jar:file:/Users/doruntinemaloku/Library/Caches/Coursier/v1/https/repo1.maven.org/maven2/com/typesafe/play/play-ehcache_2.13/2.8.16/play-ehcache_2.13-2.8.16.jar!/reference.conf: 1,reference.conf @ jar:file:/Users/doruntinemaloku/Library/Caches/Coursier/v1/https/repo1.maven.org/maven2/com/typesafe/play/play_2.13/2.8.16/play_2.13-2.8.16.jar!/reference.conf: 1,reference.conf @ jar:file:/Users/doruntinemaloku/Library/Caches/Coursier/v1/https/repo1.maven.org/maven2/com/typesafe/akka/akka-http-core_2.13/10.1.15/akka-http-core_2.13-10.1.15.jar!/reference.conf: 1,reference.conf @ jar:file:/Users/doruntinemaloku/Library/Caches/Coursier/v1/https/repo1.maven.org/maven2/com/typesafe/play/play-java_2.13/2.8.16/play-java_2.13-2.8.16.jar!/reference.conf: 1,reference.conf @ jar:file:/Users/doruntinemaloku/Library/Caches/Coursier/v1/https/repo1.maven.org/maven2/com/typesafe/play/play-jdbc_2.13/2.8.16/play-jdbc_2.13-2.8.16.jar!/reference.conf: 1,reference.conf @ jar:file:/Users/doruntinemaloku/Library/Caches/Coursier/v1/https/repo1.maven.org/maven2/com/typesafe/akka/akka-actor_2.13/2.6.19/akka-actor_2.13-2.6.19.jar!/reference.conf: 1,reference.conf @ jar:file:/Users/doruntinemaloku/Library/Caches/Coursier/v1/https/repo1.maven.org/maven2/com/typesafe/akka/akka-actor-typed_2.13/2.6.19/akka-actor-typed_2.13-2.6.19.jar!/reference.conf: 1,reference.conf @ jar:file:/Users/doruntinemaloku/Library/Caches/Coursier/v1/https/repo1.maven.org/maven2/com/typesafe/akka/akka-serialization-jackson_2.13/2.6.19/akka-serialization-jackson_2.13-2.6.19.jar!/reference.conf: 1,reference.conf @ jar:file:/Users/doruntinemaloku/Library/Caches/Coursier/v1/https/repo1.maven.org/maven2/com/typesafe/ssl-config-core_2.13/0.4.3/ssl-config-core_2.13-0.4.3.jar!/reference.conf: 1,reference.conf @ jar:file:/Users/doruntinemaloku/Library/Caches/Coursier/v1/https/repo1.maven.org/maven2/com/typesafe/akka/akka-stream_2.13/2.6.19/akka-stream_2.13-2.6.19.jar!/reference.conf: 1: No configuration setting found for key 'db'
2022-07-28 16:02:29 [34mINFO [0;39m [36mplay.api.http.EnabledFilters[0;39m [35m[0;39m Enabled Filters (see <https://www.playframework.com/documentation/latest/Filters>):

    play.filters.csrf.CSRFFilter
    play.filters.headers.SecurityHeadersFilter
    play.filters.hosts.AllowedHostsFilter

2022-07-28 16:02:29 [34mINFO [0;39m [36mplay.api.Play[0;39m [35m[0;39m Application started (Dev) (no global state)
2022-07-28 16:06:08 [31mWARN [0;39m [36mplay.db.DBModule[0;39m [35m[0;39m Configuration not found for database: merge of system properties,hardcoded value,application.conf @ file:/Users/doruntinemaloku/Documents/Backend_API_Excersise/target/scala-2.13/classes/application.conf: 1,play/reference-overrides.conf @ jar:file:/Users/doruntinemaloku/Library/Caches/Coursier/v1/https/repo1.maven.org/maven2/com/typesafe/play/play-akka-http-server_2.13/2.8.16/play-akka-http-server_2.13-2.8.16.jar!/play/reference-overrides.conf: 1,play/reference-overrides.conf @ jar:file:/Users/doruntinemaloku/Library/Caches/Coursier/v1/https/repo1.maven.org/maven2/com/typesafe/play/play_2.13/2.8.16/play_2.13-2.8.16.jar!/play/reference-overrides.conf: 1,reference.conf @ file:/Users/doruntinemaloku/Documents/Backend_API_Excersise/target/scala-2.13/classes/reference.conf: 1,reference.conf @ jar:file:/Users/doruntinemaloku/Library/Caches/Coursier/v1/https/repo1.maven.org/maven2/com/typesafe/play/play-server_2.13/2.8.16/play-server_2.13-2.8.16.jar!/reference.conf: 1,reference.conf @ jar:file:/Users/doruntinemaloku/Library/Caches/Coursier/v1/https/repo1.maven.org/maven2/com/typesafe/play/play-akka-http-server_2.13/2.8.16/play-akka-http-server_2.13-2.8.16.jar!/reference.conf: 1,reference.conf @ jar:file:/Users/doruntinemaloku/Library/Caches/Coursier/v1/https/repo1.maven.org/maven2/com/typesafe/play/play-java-forms_2.13/2.8.16/play-java-forms_2.13-2.8.16.jar!/reference.conf: 1,reference.conf @ jar:file:/Users/doruntinemaloku/Library/Caches/Coursier/v1/https/repo1.maven.org/maven2/com/typesafe/play/filters-helpers_2.13/2.8.16/filters-helpers_2.13-2.8.16.jar!/reference.conf: 1,reference.conf @ jar:file:/Users/doruntinemaloku/Library/Caches/Coursier/v1/https/repo1.maven.org/maven2/com/typesafe/play/play-java-jdbc_2.13/2.8.16/play-java-jdbc_2.13-2.8.16.jar!/reference.conf: 1,reference.conf @ jar:file:/Users/doruntinemaloku/Library/Caches/Coursier/v1/https/repo1.maven.org/maven2/com/typesafe/play/play-guice_2.13/2.8.16/play-guice_2.13-2.8.16.jar!/reference.conf: 1,reference.conf @ jar:file:/Users/doruntinemaloku/Library/Caches/Coursier/v1/https/repo1.maven.org/maven2/com/typesafe/play/play-ehcache_2.13/2.8.16/play-ehcache_2.13-2.8.16.jar!/reference.conf: 1,reference.conf @ jar:file:/Users/doruntinemaloku/Library/Caches/Coursier/v1/https/repo1.maven.org/maven2/com/typesafe/play/play_2.13/2.8.16/play_2.13-2.8.16.jar!/reference.conf: 1,reference.conf @ jar:file:/Users/doruntinemaloku/Library/Caches/Coursier/v1/https/repo1.maven.org/maven2/com/typesafe/akka/akka-http-core_2.13/10.1.15/akka-http-core_2.13-10.1.15.jar!/reference.conf: 1,reference.conf @ jar:file:/Users/doruntinemaloku/Library/Caches/Coursier/v1/https/repo1.maven.org/maven2/com/typesafe/play/play-java_2.13/2.8.16/play-java_2.13-2.8.16.jar!/reference.conf: 1,reference.conf @ jar:file:/Users/doruntinemaloku/Library/Caches/Coursier/v1/https/repo1.maven.org/maven2/com/typesafe/play/play-jdbc_2.13/2.8.16/play-jdbc_2.13-2.8.16.jar!/reference.conf: 1,reference.conf @ jar:file:/Users/doruntinemaloku/Library/Caches/Coursier/v1/https/repo1.maven.org/maven2/com/typesafe/akka/akka-actor_2.13/2.6.19/akka-actor_2.13-2.6.19.jar!/reference.conf: 1,reference.conf @ jar:file:/Users/doruntinemaloku/Library/Caches/Coursier/v1/https/repo1.maven.org/maven2/com/typesafe/akka/akka-actor-typed_2.13/2.6.19/akka-actor-typed_2.13-2.6.19.jar!/reference.conf: 1,reference.conf @ jar:file:/Users/doruntinemaloku/Library/Caches/Coursier/v1/https/repo1.maven.org/maven2/com/typesafe/akka/akka-serialization-jackson_2.13/2.6.19/akka-serialization-jackson_2.13-2.6.19.jar!/reference.conf: 1,reference.conf @ jar:file:/Users/doruntinemaloku/Library/Caches/Coursier/v1/https/repo1.maven.org/maven2/com/typesafe/ssl-config-core_2.13/0.4.3/ssl-config-core_2.13-0.4.3.jar!/reference.conf: 1,reference.conf @ jar:file:/Users/doruntinemaloku/Library/Caches/Coursier/v1/https/repo1.maven.org/maven2/com/typesafe/akka/akka-stream_2.13/2.6.19/akka-stream_2.13-2.6.19.jar!/reference.conf: 1: No configuration setting found for key 'db'
2022-07-28 16:06:09 [34mINFO [0;39m [36mplay.api.http.EnabledFilters[0;39m [35m[0;39m Enabled Filters (see <https://www.playframework.com/documentation/latest/Filters>):

    play.filters.csrf.CSRFFilter
    play.filters.headers.SecurityHeadersFilter
    play.filters.hosts.AllowedHostsFilter

2022-07-28 16:06:10 [34mINFO [0;39m [36mplay.api.Play[0;39m [35m[0;39m Application started (Dev) (no global state)
2022-07-28 16:08:36 [31mWARN [0;39m [36mplay.db.DBModule[0;39m [35m[0;39m Configuration not found for database: merge of system properties,hardcoded value,application.conf @ file:/Users/doruntinemaloku/Documents/Backend_API_Excersise/target/scala-2.13/classes/application.conf: 1,play/reference-overrides.conf @ jar:file:/Users/doruntinemaloku/Library/Caches/Coursier/v1/https/repo1.maven.org/maven2/com/typesafe/play/play-akka-http-server_2.13/2.8.16/play-akka-http-server_2.13-2.8.16.jar!/play/reference-overrides.conf: 1,play/reference-overrides.conf @ jar:file:/Users/doruntinemaloku/Library/Caches/Coursier/v1/https/repo1.maven.org/maven2/com/typesafe/play/play_2.13/2.8.16/play_2.13-2.8.16.jar!/play/reference-overrides.conf: 1,reference.conf @ file:/Users/doruntinemaloku/Documents/Backend_API_Excersise/target/scala-2.13/classes/reference.conf: 1,reference.conf @ jar:file:/Users/doruntinemaloku/Library/Caches/Coursier/v1/https/repo1.maven.org/maven2/com/typesafe/play/play-server_2.13/2.8.16/play-server_2.13-2.8.16.jar!/reference.conf: 1,reference.conf @ jar:file:/Users/doruntinemaloku/Library/Caches/Coursier/v1/https/repo1.maven.org/maven2/com/typesafe/play/play-akka-http-server_2.13/2.8.16/play-akka-http-server_2.13-2.8.16.jar!/reference.conf: 1,reference.conf @ jar:file:/Users/doruntinemaloku/Library/Caches/Coursier/v1/https/repo1.maven.org/maven2/com/typesafe/play/play-java-forms_2.13/2.8.16/play-java-forms_2.13-2.8.16.jar!/reference.conf: 1,reference.conf @ jar:file:/Users/doruntinemaloku/Library/Caches/Coursier/v1/https/repo1.maven.org/maven2/com/typesafe/play/filters-helpers_2.13/2.8.16/filters-helpers_2.13-2.8.16.jar!/reference.conf: 1,reference.conf @ jar:file:/Users/doruntinemaloku/Library/Caches/Coursier/v1/https/repo1.maven.org/maven2/com/typesafe/play/play-java-jdbc_2.13/2.8.16/play-java-jdbc_2.13-2.8.16.jar!/reference.conf: 1,reference.conf @ jar:file:/Users/doruntinemaloku/Library/Caches/Coursier/v1/https/repo1.maven.org/maven2/com/typesafe/play/play-guice_2.13/2.8.16/play-guice_2.13-2.8.16.jar!/reference.conf: 1,reference.conf @ jar:file:/Users/doruntinemaloku/Library/Caches/Coursier/v1/https/repo1.maven.org/maven2/com/typesafe/play/play-ehcache_2.13/2.8.16/play-ehcache_2.13-2.8.16.jar!/reference.conf: 1,reference.conf @ jar:file:/Users/doruntinemaloku/Library/Caches/Coursier/v1/https/repo1.maven.org/maven2/com/typesafe/play/play_2.13/2.8.16/play_2.13-2.8.16.jar!/reference.conf: 1,reference.conf @ jar:file:/Users/doruntinemaloku/Library/Caches/Coursier/v1/https/repo1.maven.org/maven2/com/typesafe/akka/akka-http-core_2.13/10.1.15/akka-http-core_2.13-10.1.15.jar!/reference.conf: 1,reference.conf @ jar:file:/Users/doruntinemaloku/Library/Caches/Coursier/v1/https/repo1.maven.org/maven2/com/typesafe/play/play-java_2.13/2.8.16/play-java_2.13-2.8.16.jar!/reference.conf: 1,reference.conf @ jar:file:/Users/doruntinemaloku/Library/Caches/Coursier/v1/https/repo1.maven.org/maven2/com/typesafe/play/play-jdbc_2.13/2.8.16/play-jdbc_2.13-2.8.16.jar!/reference.conf: 1,reference.conf @ jar:file:/Users/doruntinemaloku/Library/Caches/Coursier/v1/https/repo1.maven.org/maven2/com/typesafe/akka/akka-actor_2.13/2.6.19/akka-actor_2.13-2.6.19.jar!/reference.conf: 1,reference.conf @ jar:file:/Users/doruntinemaloku/Library/Caches/Coursier/v1/https/repo1.maven.org/maven2/com/typesafe/akka/akka-actor-typed_2.13/2.6.19/akka-actor-typed_2.13-2.6.19.jar!/reference.conf: 1,reference.conf @ jar:file:/Users/doruntinemaloku/Library/Caches/Coursier/v1/https/repo1.maven.org/maven2/com/typesafe/akka/akka-serialization-jackson_2.13/2.6.19/akka-serialization-jackson_2.13-2.6.19.jar!/reference.conf: 1,reference.conf @ jar:file:/Users/doruntinemaloku/Library/Caches/Coursier/v1/https/repo1.maven.org/maven2/com/typesafe/ssl-config-core_2.13/0.4.3/ssl-config-core_2.13-0.4.3.jar!/reference.conf: 1,reference.conf @ jar:file:/Users/doruntinemaloku/Library/Caches/Coursier/v1/https/repo1.maven.org/maven2/com/typesafe/akka/akka-stream_2.13/2.6.19/akka-stream_2.13-2.6.19.jar!/reference.conf: 1: No configuration setting found for key 'db'
2022-07-28 16:08:37 [34mINFO [0;39m [36mplay.api.http.EnabledFilters[0;39m [35m[0;39m Enabled Filters (see <https://www.playframework.com/documentation/latest/Filters>):

    play.filters.csrf.CSRFFilter
    play.filters.headers.SecurityHeadersFilter
    play.filters.hosts.AllowedHostsFilter

2022-07-28 16:08:37 [34mINFO [0;39m [36mplay.api.Play[0;39m [35m[0;39m Application started (Dev) (no global state)
2022-07-28 16:48:42 [31mWARN [0;39m [36mplay.db.DBModule[0;39m [35m[0;39m Configuration not found for database: merge of system properties,hardcoded value,application.conf @ file:/Users/doruntinemaloku/Documents/Backend_API_Excersise/target/scala-2.13/classes/application.conf: 1,play/reference-overrides.conf @ jar:file:/Users/doruntinemaloku/Library/Caches/Coursier/v1/https/repo1.maven.org/maven2/com/typesafe/play/play-akka-http-server_2.13/2.8.16/play-akka-http-server_2.13-2.8.16.jar!/play/reference-overrides.conf: 1,play/reference-overrides.conf @ jar:file:/Users/doruntinemaloku/Library/Caches/Coursier/v1/https/repo1.maven.org/maven2/com/typesafe/play/play_2.13/2.8.16/play_2.13-2.8.16.jar!/play/reference-overrides.conf: 1,reference.conf @ file:/Users/doruntinemaloku/Documents/Backend_API_Excersise/target/scala-2.13/classes/reference.conf: 1,reference.conf @ jar:file:/Users/doruntinemaloku/Library/Caches/Coursier/v1/https/repo1.maven.org/maven2/com/typesafe/play/play-server_2.13/2.8.16/play-server_2.13-2.8.16.jar!/reference.conf: 1,reference.conf @ jar:file:/Users/doruntinemaloku/Library/Caches/Coursier/v1/https/repo1.maven.org/maven2/com/typesafe/play/play-akka-http-server_2.13/2.8.16/play-akka-http-server_2.13-2.8.16.jar!/reference.conf: 1,reference.conf @ jar:file:/Users/doruntinemaloku/Library/Caches/Coursier/v1/https/repo1.maven.org/maven2/com/typesafe/play/play-java-forms_2.13/2.8.16/play-java-forms_2.13-2.8.16.jar!/reference.conf: 1,reference.conf @ jar:file:/Users/doruntinemaloku/Library/Caches/Coursier/v1/https/repo1.maven.org/maven2/com/typesafe/play/filters-helpers_2.13/2.8.16/filters-helpers_2.13-2.8.16.jar!/reference.conf: 1,reference.conf @ jar:file:/Users/doruntinemaloku/Library/Caches/Coursier/v1/https/repo1.maven.org/maven2/com/typesafe/play/play-java-jdbc_2.13/2.8.16/play-java-jdbc_2.13-2.8.16.jar!/reference.conf: 1,reference.conf @ jar:file:/Users/doruntinemaloku/Library/Caches/Coursier/v1/https/repo1.maven.org/maven2/com/typesafe/play/play-guice_2.13/2.8.16/play-guice_2.13-2.8.16.jar!/reference.conf: 1,reference.conf @ jar:file:/Users/doruntinemaloku/Library/Caches/Coursier/v1/https/repo1.maven.org/maven2/com/typesafe/play/play-ehcache_2.13/2.8.16/play-ehcache_2.13-2.8.16.jar!/reference.conf: 1,reference.conf @ jar:file:/Users/doruntinemaloku/Library/Caches/Coursier/v1/https/repo1.maven.org/maven2/com/typesafe/play/play_2.13/2.8.16/play_2.13-2.8.16.jar!/reference.conf: 1,reference.conf @ jar:file:/Users/doruntinemaloku/Library/Caches/Coursier/v1/https/repo1.maven.org/maven2/com/typesafe/akka/akka-http-core_2.13/10.1.15/akka-http-core_2.13-10.1.15.jar!/reference.conf: 1,reference.conf @ jar:file:/Users/doruntinemaloku/Library/Caches/Coursier/v1/https/repo1.maven.org/maven2/com/typesafe/play/play-java_2.13/2.8.16/play-java_2.13-2.8.16.jar!/reference.conf: 1,reference.conf @ jar:file:/Users/doruntinemaloku/Library/Caches/Coursier/v1/https/repo1.maven.org/maven2/com/typesafe/play/play-jdbc_2.13/2.8.16/play-jdbc_2.13-2.8.16.jar!/reference.conf: 1,reference.conf @ jar:file:/Users/doruntinemaloku/Library/Caches/Coursier/v1/https/repo1.maven.org/maven2/com/typesafe/akka/akka-actor_2.13/2.6.19/akka-actor_2.13-2.6.19.jar!/reference.conf: 1,reference.conf @ jar:file:/Users/doruntinemaloku/Library/Caches/Coursier/v1/https/repo1.maven.org/maven2/com/typesafe/akka/akka-actor-typed_2.13/2.6.19/akka-actor-typed_2.13-2.6.19.jar!/reference.conf: 1,reference.conf @ jar:file:/Users/doruntinemaloku/Library/Caches/Coursier/v1/https/repo1.maven.org/maven2/com/typesafe/akka/akka-serialization-jackson_2.13/2.6.19/akka-serialization-jackson_2.13-2.6.19.jar!/reference.conf: 1,reference.conf @ jar:file:/Users/doruntinemaloku/Library/Caches/Coursier/v1/https/repo1.maven.org/maven2/com/typesafe/ssl-config-core_2.13/0.4.3/ssl-config-core_2.13-0.4.3.jar!/reference.conf: 1,reference.conf @ jar:file:/Users/doruntinemaloku/Library/Caches/Coursier/v1/https/repo1.maven.org/maven2/com/typesafe/akka/akka-stream_2.13/2.6.19/akka-stream_2.13-2.6.19.jar!/reference.conf: 1: No configuration setting found for key 'db'
2022-07-28 16:48:44 [34mINFO [0;39m [36mplay.api.http.EnabledFilters[0;39m [35m[0;39m Enabled Filters (see <https://www.playframework.com/documentation/latest/Filters>):

    play.filters.csrf.CSRFFilter
    play.filters.headers.SecurityHeadersFilter
    play.filters.hosts.AllowedHostsFilter

2022-07-28 16:48:44 [34mINFO [0;39m [36mplay.api.Play[0;39m [35m[0;39m Application started (Dev) (no global state)
2022-07-28 16:48:45 [1;31mERROR[0;39m [36mp.api.http.DefaultHttpErrorHandler[0;39m [35m[0;39m 

! @7oebojh7h - Internal server error, for (POST) [/api/verify/] ->
 
play.api.http.HttpErrorHandlerExceptions$$anon$1: Execution exception[[IllegalArgumentException: invalid hexadecimal representation of an ObjectId: []]]
	at play.api.http.HttpErrorHandlerExceptions$.$anonfun$convertToPlayException$2(HttpErrorHandler.scala:381)
	at scala.Option.map(Option.scala:242)
	at play.api.http.HttpErrorHandlerExceptions$.convertToPlayException(HttpErrorHandler.scala:380)
	at play.api.http.HttpErrorHandlerExceptions$.throwableToUsefulException(HttpErrorHandler.scala:373)
	at play.api.http.DefaultHttpErrorHandler.onServerError(HttpErrorHandler.scala:264)
	at play.core.server.AkkaHttpServer$$anonfun$2.applyOrElse(AkkaHttpServer.scala:436)
	at play.core.server.AkkaHttpServer$$anonfun$2.applyOrElse(AkkaHttpServer.scala:428)
	at scala.concurrent.impl.Promise$Transformation.run(Promise.scala:490)
	at akka.dispatch.BatchingExecutor$AbstractBatch.processBatch(BatchingExecutor.scala:63)
	at akka.dispatch.BatchingExecutor$BlockableBatch.$anonfun$run$1(BatchingExecutor.scala:100)
	at scala.runtime.java8.JFunction0$mcV$sp.apply(JFunction0$mcV$sp.scala:18)
	at scala.concurrent.BlockContext$.withBlockContext(BlockContext.scala:94)
	at akka.dispatch.BatchingExecutor$BlockableBatch.run(BatchingExecutor.scala:100)
	at akka.dispatch.TaskInvocation.run(AbstractDispatcher.scala:49)
	at akka.dispatch.ForkJoinExecutorConfigurator$AkkaForkJoinTask.exec(ForkJoinExecutorConfigurator.scala:48)
	at java.base/java.util.concurrent.ForkJoinTask.doExec(ForkJoinTask.java:290)
	at java.base/java.util.concurrent.ForkJoinPool$WorkQueue.topLevelExec(ForkJoinPool.java:1020)
	at java.base/java.util.concurrent.ForkJoinPool.scan(ForkJoinPool.java:1656)
	at java.base/java.util.concurrent.ForkJoinPool.runWorker(ForkJoinPool.java:1594)
	at java.base/java.util.concurrent.ForkJoinWorkerThread.run(ForkJoinWorkerThread.java:177)
Caused by: java.lang.IllegalArgumentException: invalid hexadecimal representation of an ObjectId: []
	at org.bson.types.ObjectId.parseHexString(ObjectId.java:390)
	at org.bson.types.ObjectId.<init>(ObjectId.java:193)
	at io.backend.api.controllers.BackendAPI_Controller.verify(BackendAPI_Controller.java:76)
	at router.Routes$$anonfun$routes$1.$anonfun$applyOrElse$8(Routes.scala:218)
	at play.core.routing.HandlerInvokerFactory$$anon$8.resultCall(HandlerInvoker.scala:150)
	at play.core.routing.HandlerInvokerFactory$$anon$8.resultCall(HandlerInvoker.scala:149)
	at play.core.routing.HandlerInvokerFactory$JavaActionInvokerFactory$$anon$3$$anon$4$$anon$5.invocation(HandlerInvoker.scala:115)
	at play.core.j.JavaAction$$anon$1.call(JavaAction.scala:119)
	at play.http.DefaultActionCreator$1.call(DefaultActionCreator.java:33)
	at play.core.j.JavaAction.$anonfun$apply$8(JavaAction.scala:175)
	at scala.concurrent.Future$.$anonfun$apply$1(Future.scala:678)
	at scala.concurrent.impl.Promise$Transformation.run(Promise.scala:467)
	at play.core.j.HttpExecutionContext.$anonfun$execute$1(HttpExecutionContext.scala:64)
	at play.api.libs.streams.Execution$trampoline$.execute(Execution.scala:70)
	at play.core.j.HttpExecutionContext.execute(HttpExecutionContext.scala:59)
	at scala.concurrent.impl.Promise$Transformation.submitWithValue(Promise.scala:429)
	at scala.concurrent.impl.Promise$DefaultPromise.submitWithValue(Promise.scala:338)
	at scala.concurrent.impl.Promise$DefaultPromise.dispatchOrAddCallbacks(Promise.scala:312)
	at scala.concurrent.impl.Promise$DefaultPromise.map(Promise.scala:182)
	at scala.concurrent.Future$.apply(Future.scala:678)
	at play.core.j.JavaAction.apply(JavaAction.scala:176)
	at play.api.mvc.Action.$anonfun$apply$4(Action.scala:82)
	at play.api.libs.streams.StrictAccumulator.$anonfun$mapFuture$4(Accumulator.scala:168)
	at scala.util.Try$.apply(Try.scala:210)
	at play.api.libs.streams.StrictAccumulator.$anonfun$mapFuture$3(Accumulator.scala:168)
	at scala.Function1.$anonfun$andThen$1(Function1.scala:85)
	at scala.Function1.$anonfun$andThen$1(Function1.scala:85)
	at play.api.libs.streams.StrictAccumulator.run(Accumulator.scala:199)
	at play.core.server.AkkaHttpServer.$anonfun$runAction$4(AkkaHttpServer.scala:423)
	at akka.http.scaladsl.util.FastFuture$.strictTransform$1(FastFuture.scala:41)
	at akka.http.scaladsl.util.FastFuture$.$anonfun$transformWith$3(FastFuture.scala:51)
	at scala.concurrent.impl.Promise$Transformation.run(Promise.scala:484)
	... 12 common frames omitted
2022-07-28 16:49:50 [1;31mERROR[0;39m [36mp.api.http.DefaultHttpErrorHandler[0;39m [35m[0;39m 

! @7oebona76 - Internal server error, for (POST) [/api/verify/] ->
 
play.api.http.HttpErrorHandlerExceptions$$anon$1: Execution exception[[IllegalArgumentException: invalid hexadecimal representation of an ObjectId: [3c]]]
	at play.api.http.HttpErrorHandlerExceptions$.$anonfun$convertToPlayException$2(HttpErrorHandler.scala:381)
	at scala.Option.map(Option.scala:242)
	at play.api.http.HttpErrorHandlerExceptions$.convertToPlayException(HttpErrorHandler.scala:380)
	at play.api.http.HttpErrorHandlerExceptions$.throwableToUsefulException(HttpErrorHandler.scala:373)
	at play.api.http.DefaultHttpErrorHandler.onServerError(HttpErrorHandler.scala:264)
	at play.core.server.AkkaHttpServer$$anonfun$2.applyOrElse(AkkaHttpServer.scala:436)
	at play.core.server.AkkaHttpServer$$anonfun$2.applyOrElse(AkkaHttpServer.scala:428)
	at scala.concurrent.impl.Promise$Transformation.run(Promise.scala:490)
	at akka.dispatch.BatchingExecutor$AbstractBatch.processBatch(BatchingExecutor.scala:63)
	at akka.dispatch.BatchingExecutor$BlockableBatch.$anonfun$run$1(BatchingExecutor.scala:100)
	at scala.runtime.java8.JFunction0$mcV$sp.apply(JFunction0$mcV$sp.scala:18)
	at scala.concurrent.BlockContext$.withBlockContext(BlockContext.scala:94)
	at akka.dispatch.BatchingExecutor$BlockableBatch.run(BatchingExecutor.scala:100)
	at akka.dispatch.TaskInvocation.run(AbstractDispatcher.scala:49)
	at akka.dispatch.ForkJoinExecutorConfigurator$AkkaForkJoinTask.exec(ForkJoinExecutorConfigurator.scala:48)
	at java.base/java.util.concurrent.ForkJoinTask.doExec(ForkJoinTask.java:290)
	at java.base/java.util.concurrent.ForkJoinPool$WorkQueue.topLevelExec(ForkJoinPool.java:1020)
	at java.base/java.util.concurrent.ForkJoinPool.scan(ForkJoinPool.java:1656)
	at java.base/java.util.concurrent.ForkJoinPool.runWorker(ForkJoinPool.java:1594)
	at java.base/java.util.concurrent.ForkJoinWorkerThread.run(ForkJoinWorkerThread.java:177)
Caused by: java.lang.IllegalArgumentException: invalid hexadecimal representation of an ObjectId: [3c]
	at org.bson.types.ObjectId.parseHexString(ObjectId.java:390)
	at org.bson.types.ObjectId.<init>(ObjectId.java:193)
	at io.backend.api.controllers.BackendAPI_Controller.verify(BackendAPI_Controller.java:76)
	at router.Routes$$anonfun$routes$1.$anonfun$applyOrElse$8(Routes.scala:218)
	at play.core.routing.HandlerInvokerFactory$$anon$8.resultCall(HandlerInvoker.scala:150)
	at play.core.routing.HandlerInvokerFactory$$anon$8.resultCall(HandlerInvoker.scala:149)
	at play.core.routing.HandlerInvokerFactory$JavaActionInvokerFactory$$anon$3$$anon$4$$anon$5.invocation(HandlerInvoker.scala:115)
	at play.core.j.JavaAction$$anon$1.call(JavaAction.scala:119)
	at play.http.DefaultActionCreator$1.call(DefaultActionCreator.java:33)
	at play.core.j.JavaAction.$anonfun$apply$8(JavaAction.scala:175)
	at scala.concurrent.Future$.$anonfun$apply$1(Future.scala:678)
	at scala.concurrent.impl.Promise$Transformation.run(Promise.scala:467)
	at play.core.j.HttpExecutionContext.$anonfun$execute$1(HttpExecutionContext.scala:64)
	at play.api.libs.streams.Execution$trampoline$.execute(Execution.scala:70)
	at play.core.j.HttpExecutionContext.execute(HttpExecutionContext.scala:59)
	at scala.concurrent.impl.Promise$Transformation.submitWithValue(Promise.scala:429)
	at scala.concurrent.impl.Promise$DefaultPromise.submitWithValue(Promise.scala:338)
	at scala.concurrent.impl.Promise$DefaultPromise.dispatchOrAddCallbacks(Promise.scala:312)
	at scala.concurrent.impl.Promise$DefaultPromise.map(Promise.scala:182)
	at scala.concurrent.Future$.apply(Future.scala:678)
	at play.core.j.JavaAction.apply(JavaAction.scala:176)
	at play.api.mvc.Action.$anonfun$apply$4(Action.scala:82)
	at play.api.libs.streams.StrictAccumulator.$anonfun$mapFuture$4(Accumulator.scala:168)
	at scala.util.Try$.apply(Try.scala:210)
	at play.api.libs.streams.StrictAccumulator.$anonfun$mapFuture$3(Accumulator.scala:168)
	at scala.Function1.$anonfun$andThen$1(Function1.scala:85)
	at scala.Function1.$anonfun$andThen$1(Function1.scala:85)
	at play.api.libs.streams.StrictAccumulator.run(Accumulator.scala:199)
	at play.core.server.AkkaHttpServer.$anonfun$runAction$4(AkkaHttpServer.scala:423)
	at akka.http.scaladsl.util.FastFuture$.strictTransform$1(FastFuture.scala:41)
	at akka.http.scaladsl.util.FastFuture$.$anonfun$transformWith$3(FastFuture.scala:51)
	at scala.concurrent.impl.Promise$Transformation.run(Promise.scala:484)
	... 12 common frames omitted
2022-07-28 16:50:02 [31mWARN [0;39m [36mplay.db.DBModule[0;39m [35m[0;39m Configuration not found for database: merge of system properties,hardcoded value,application.conf @ file:/Users/doruntinemaloku/Documents/Backend_API_Excersise/target/scala-2.13/classes/application.conf: 1,play/reference-overrides.conf @ jar:file:/Users/doruntinemaloku/Library/Caches/Coursier/v1/https/repo1.maven.org/maven2/com/typesafe/play/play-akka-http-server_2.13/2.8.16/play-akka-http-server_2.13-2.8.16.jar!/play/reference-overrides.conf: 1,play/reference-overrides.conf @ jar:file:/Users/doruntinemaloku/Library/Caches/Coursier/v1/https/repo1.maven.org/maven2/com/typesafe/play/play_2.13/2.8.16/play_2.13-2.8.16.jar!/play/reference-overrides.conf: 1,reference.conf @ file:/Users/doruntinemaloku/Documents/Backend_API_Excersise/target/scala-2.13/classes/reference.conf: 1,reference.conf @ jar:file:/Users/doruntinemaloku/Library/Caches/Coursier/v1/https/repo1.maven.org/maven2/com/typesafe/play/play-server_2.13/2.8.16/play-server_2.13-2.8.16.jar!/reference.conf: 1,reference.conf @ jar:file:/Users/doruntinemaloku/Library/Caches/Coursier/v1/https/repo1.maven.org/maven2/com/typesafe/play/play-akka-http-server_2.13/2.8.16/play-akka-http-server_2.13-2.8.16.jar!/reference.conf: 1,reference.conf @ jar:file:/Users/doruntinemaloku/Library/Caches/Coursier/v1/https/repo1.maven.org/maven2/com/typesafe/play/play-java-forms_2.13/2.8.16/play-java-forms_2.13-2.8.16.jar!/reference.conf: 1,reference.conf @ jar:file:/Users/doruntinemaloku/Library/Caches/Coursier/v1/https/repo1.maven.org/maven2/com/typesafe/play/filters-helpers_2.13/2.8.16/filters-helpers_2.13-2.8.16.jar!/reference.conf: 1,reference.conf @ jar:file:/Users/doruntinemaloku/Library/Caches/Coursier/v1/https/repo1.maven.org/maven2/com/typesafe/play/play-java-jdbc_2.13/2.8.16/play-java-jdbc_2.13-2.8.16.jar!/reference.conf: 1,reference.conf @ jar:file:/Users/doruntinemaloku/Library/Caches/Coursier/v1/https/repo1.maven.org/maven2/com/typesafe/play/play-guice_2.13/2.8.16/play-guice_2.13-2.8.16.jar!/reference.conf: 1,reference.conf @ jar:file:/Users/doruntinemaloku/Library/Caches/Coursier/v1/https/repo1.maven.org/maven2/com/typesafe/play/play-ehcache_2.13/2.8.16/play-ehcache_2.13-2.8.16.jar!/reference.conf: 1,reference.conf @ jar:file:/Users/doruntinemaloku/Library/Caches/Coursier/v1/https/repo1.maven.org/maven2/com/typesafe/play/play_2.13/2.8.16/play_2.13-2.8.16.jar!/reference.conf: 1,reference.conf @ jar:file:/Users/doruntinemaloku/Library/Caches/Coursier/v1/https/repo1.maven.org/maven2/com/typesafe/akka/akka-http-core_2.13/10.1.15/akka-http-core_2.13-10.1.15.jar!/reference.conf: 1,reference.conf @ jar:file:/Users/doruntinemaloku/Library/Caches/Coursier/v1/https/repo1.maven.org/maven2/com/typesafe/play/play-java_2.13/2.8.16/play-java_2.13-2.8.16.jar!/reference.conf: 1,reference.conf @ jar:file:/Users/doruntinemaloku/Library/Caches/Coursier/v1/https/repo1.maven.org/maven2/com/typesafe/play/play-jdbc_2.13/2.8.16/play-jdbc_2.13-2.8.16.jar!/reference.conf: 1,reference.conf @ jar:file:/Users/doruntinemaloku/Library/Caches/Coursier/v1/https/repo1.maven.org/maven2/com/typesafe/akka/akka-actor_2.13/2.6.19/akka-actor_2.13-2.6.19.jar!/reference.conf: 1,reference.conf @ jar:file:/Users/doruntinemaloku/Library/Caches/Coursier/v1/https/repo1.maven.org/maven2/com/typesafe/akka/akka-actor-typed_2.13/2.6.19/akka-actor-typed_2.13-2.6.19.jar!/reference.conf: 1,reference.conf @ jar:file:/Users/doruntinemaloku/Library/Caches/Coursier/v1/https/repo1.maven.org/maven2/com/typesafe/akka/akka-serialization-jackson_2.13/2.6.19/akka-serialization-jackson_2.13-2.6.19.jar!/reference.conf: 1,reference.conf @ jar:file:/Users/doruntinemaloku/Library/Caches/Coursier/v1/https/repo1.maven.org/maven2/com/typesafe/ssl-config-core_2.13/0.4.3/ssl-config-core_2.13-0.4.3.jar!/reference.conf: 1,reference.conf @ jar:file:/Users/doruntinemaloku/Library/Caches/Coursier/v1/https/repo1.maven.org/maven2/com/typesafe/akka/akka-stream_2.13/2.6.19/akka-stream_2.13-2.6.19.jar!/reference.conf: 1: No configuration setting found for key 'db'
2022-07-28 16:50:03 [34mINFO [0;39m [36mplay.api.http.EnabledFilters[0;39m [35m[0;39m Enabled Filters (see <https://www.playframework.com/documentation/latest/Filters>):

    play.filters.csrf.CSRFFilter
    play.filters.headers.SecurityHeadersFilter
    play.filters.hosts.AllowedHostsFilter

2022-07-28 16:50:03 [34mINFO [0;39m [36mplay.api.Play[0;39m [35m[0;39m Application started (Dev) (no global state)
2022-07-28 16:50:03 [1;31mERROR[0;39m [36mp.api.http.DefaultHttpErrorHandler[0;39m [35m[0;39m 

! @7oeboo373 - Internal server error, for (POST) [/api/verify/] ->
 
play.api.http.HttpErrorHandlerExceptions$$anon$1: Execution exception[[IllegalArgumentException: invalid hexadecimal representation of an ObjectId: [54]]]
	at play.api.http.HttpErrorHandlerExceptions$.$anonfun$convertToPlayException$2(HttpErrorHandler.scala:381)
	at scala.Option.map(Option.scala:242)
	at play.api.http.HttpErrorHandlerExceptions$.convertToPlayException(HttpErrorHandler.scala:380)
	at play.api.http.HttpErrorHandlerExceptions$.throwableToUsefulException(HttpErrorHandler.scala:373)
	at play.api.http.DefaultHttpErrorHandler.onServerError(HttpErrorHandler.scala:264)
	at play.core.server.AkkaHttpServer$$anonfun$2.applyOrElse(AkkaHttpServer.scala:436)
	at play.core.server.AkkaHttpServer$$anonfun$2.applyOrElse(AkkaHttpServer.scala:428)
	at scala.concurrent.impl.Promise$Transformation.run(Promise.scala:490)
	at akka.dispatch.BatchingExecutor$AbstractBatch.processBatch(BatchingExecutor.scala:63)
	at akka.dispatch.BatchingExecutor$BlockableBatch.$anonfun$run$1(BatchingExecutor.scala:100)
	at scala.runtime.java8.JFunction0$mcV$sp.apply(JFunction0$mcV$sp.scala:18)
	at scala.concurrent.BlockContext$.withBlockContext(BlockContext.scala:94)
	at akka.dispatch.BatchingExecutor$BlockableBatch.run(BatchingExecutor.scala:100)
	at akka.dispatch.TaskInvocation.run(AbstractDispatcher.scala:49)
	at akka.dispatch.ForkJoinExecutorConfigurator$AkkaForkJoinTask.exec(ForkJoinExecutorConfigurator.scala:48)
	at java.base/java.util.concurrent.ForkJoinTask.doExec(ForkJoinTask.java:290)
	at java.base/java.util.concurrent.ForkJoinPool$WorkQueue.topLevelExec(ForkJoinPool.java:1020)
	at java.base/java.util.concurrent.ForkJoinPool.scan(ForkJoinPool.java:1656)
	at java.base/java.util.concurrent.ForkJoinPool.runWorker(ForkJoinPool.java:1594)
	at java.base/java.util.concurrent.ForkJoinWorkerThread.run(ForkJoinWorkerThread.java:177)
Caused by: java.lang.IllegalArgumentException: invalid hexadecimal representation of an ObjectId: [54]
	at org.bson.types.ObjectId.parseHexString(ObjectId.java:390)
	at org.bson.types.ObjectId.<init>(ObjectId.java:193)
	at io.backend.api.controllers.BackendAPI_Controller.verify(BackendAPI_Controller.java:76)
	at router.Routes$$anonfun$routes$1.$anonfun$applyOrElse$8(Routes.scala:218)
	at play.core.routing.HandlerInvokerFactory$$anon$8.resultCall(HandlerInvoker.scala:150)
	at play.core.routing.HandlerInvokerFactory$$anon$8.resultCall(HandlerInvoker.scala:149)
	at play.core.routing.HandlerInvokerFactory$JavaActionInvokerFactory$$anon$3$$anon$4$$anon$5.invocation(HandlerInvoker.scala:115)
	at play.core.j.JavaAction$$anon$1.call(JavaAction.scala:119)
	at play.http.DefaultActionCreator$1.call(DefaultActionCreator.java:33)
	at play.core.j.JavaAction.$anonfun$apply$8(JavaAction.scala:175)
	at scala.concurrent.Future$.$anonfun$apply$1(Future.scala:678)
	at scala.concurrent.impl.Promise$Transformation.run(Promise.scala:467)
	at play.core.j.HttpExecutionContext.$anonfun$execute$1(HttpExecutionContext.scala:64)
	at play.api.libs.streams.Execution$trampoline$.execute(Execution.scala:70)
	at play.core.j.HttpExecutionContext.execute(HttpExecutionContext.scala:59)
	at scala.concurrent.impl.Promise$Transformation.submitWithValue(Promise.scala:429)
	at scala.concurrent.impl.Promise$DefaultPromise.submitWithValue(Promise.scala:338)
	at scala.concurrent.impl.Promise$DefaultPromise.dispatchOrAddCallbacks(Promise.scala:312)
	at scala.concurrent.impl.Promise$DefaultPromise.map(Promise.scala:182)
	at scala.concurrent.Future$.apply(Future.scala:678)
	at play.core.j.JavaAction.apply(JavaAction.scala:176)
	at play.api.mvc.Action.$anonfun$apply$4(Action.scala:82)
	at play.api.libs.streams.StrictAccumulator.$anonfun$mapFuture$4(Accumulator.scala:168)
	at scala.util.Try$.apply(Try.scala:210)
	at play.api.libs.streams.StrictAccumulator.$anonfun$mapFuture$3(Accumulator.scala:168)
	at scala.Function1.$anonfun$andThen$1(Function1.scala:85)
	at scala.Function1.$anonfun$andThen$1(Function1.scala:85)
	at play.api.libs.streams.StrictAccumulator.run(Accumulator.scala:199)
	at play.core.server.AkkaHttpServer.$anonfun$runAction$4(AkkaHttpServer.scala:423)
	at akka.http.scaladsl.util.FastFuture$.strictTransform$1(FastFuture.scala:41)
	at akka.http.scaladsl.util.FastFuture$.$anonfun$transformWith$3(FastFuture.scala:51)
	at scala.concurrent.impl.Promise$Transformation.run(Promise.scala:484)
	... 12 common frames omitted
2022-07-28 16:51:33 [1;31mERROR[0;39m [36mp.api.http.DefaultHttpErrorHandler[0;39m [35m[0;39m 

! @7oebp367g - Internal server error, for (POST) [/api/verify/] ->
 
play.api.http.HttpErrorHandlerExceptions$$anon$1: Execution exception[[IllegalArgumentException: invalid hexadecimal representation of an ObjectId: [be]]]
	at play.api.http.HttpErrorHandlerExceptions$.$anonfun$convertToPlayException$2(HttpErrorHandler.scala:381)
	at scala.Option.map(Option.scala:242)
	at play.api.http.HttpErrorHandlerExceptions$.convertToPlayException(HttpErrorHandler.scala:380)
	at play.api.http.HttpErrorHandlerExceptions$.throwableToUsefulException(HttpErrorHandler.scala:373)
	at play.api.http.DefaultHttpErrorHandler.onServerError(HttpErrorHandler.scala:264)
	at play.core.server.AkkaHttpServer$$anonfun$2.applyOrElse(AkkaHttpServer.scala:436)
	at play.core.server.AkkaHttpServer$$anonfun$2.applyOrElse(AkkaHttpServer.scala:428)
	at scala.concurrent.impl.Promise$Transformation.run(Promise.scala:490)
	at akka.dispatch.BatchingExecutor$AbstractBatch.processBatch(BatchingExecutor.scala:63)
	at akka.dispatch.BatchingExecutor$BlockableBatch.$anonfun$run$1(BatchingExecutor.scala:100)
	at scala.runtime.java8.JFunction0$mcV$sp.apply(JFunction0$mcV$sp.scala:18)
	at scala.concurrent.BlockContext$.withBlockContext(BlockContext.scala:94)
	at akka.dispatch.BatchingExecutor$BlockableBatch.run(BatchingExecutor.scala:100)
	at akka.dispatch.TaskInvocation.run(AbstractDispatcher.scala:49)
	at akka.dispatch.ForkJoinExecutorConfigurator$AkkaForkJoinTask.exec(ForkJoinExecutorConfigurator.scala:48)
	at java.base/java.util.concurrent.ForkJoinTask.doExec(ForkJoinTask.java:290)
	at java.base/java.util.concurrent.ForkJoinPool$WorkQueue.topLevelExec(ForkJoinPool.java:1020)
	at java.base/java.util.concurrent.ForkJoinPool.scan(ForkJoinPool.java:1656)
	at java.base/java.util.concurrent.ForkJoinPool.runWorker(ForkJoinPool.java:1594)
	at java.base/java.util.concurrent.ForkJoinWorkerThread.run(ForkJoinWorkerThread.java:177)
Caused by: java.lang.IllegalArgumentException: invalid hexadecimal representation of an ObjectId: [be]
	at org.bson.types.ObjectId.parseHexString(ObjectId.java:390)
	at org.bson.types.ObjectId.<init>(ObjectId.java:193)
	at io.backend.api.controllers.BackendAPI_Controller.verify(BackendAPI_Controller.java:76)
	at router.Routes$$anonfun$routes$1.$anonfun$applyOrElse$8(Routes.scala:218)
	at play.core.routing.HandlerInvokerFactory$$anon$8.resultCall(HandlerInvoker.scala:150)
	at play.core.routing.HandlerInvokerFactory$$anon$8.resultCall(HandlerInvoker.scala:149)
	at play.core.routing.HandlerInvokerFactory$JavaActionInvokerFactory$$anon$3$$anon$4$$anon$5.invocation(HandlerInvoker.scala:115)
	at play.core.j.JavaAction$$anon$1.call(JavaAction.scala:119)
	at play.http.DefaultActionCreator$1.call(DefaultActionCreator.java:33)
	at play.core.j.JavaAction.$anonfun$apply$8(JavaAction.scala:175)
	at scala.concurrent.Future$.$anonfun$apply$1(Future.scala:678)
	at scala.concurrent.impl.Promise$Transformation.run(Promise.scala:467)
	at play.core.j.HttpExecutionContext.$anonfun$execute$1(HttpExecutionContext.scala:64)
	at play.api.libs.streams.Execution$trampoline$.execute(Execution.scala:70)
	at play.core.j.HttpExecutionContext.execute(HttpExecutionContext.scala:59)
	at scala.concurrent.impl.Promise$Transformation.submitWithValue(Promise.scala:429)
	at scala.concurrent.impl.Promise$DefaultPromise.submitWithValue(Promise.scala:338)
	at scala.concurrent.impl.Promise$DefaultPromise.dispatchOrAddCallbacks(Promise.scala:312)
	at scala.concurrent.impl.Promise$DefaultPromise.map(Promise.scala:182)
	at scala.concurrent.Future$.apply(Future.scala:678)
	at play.core.j.JavaAction.apply(JavaAction.scala:176)
	at play.api.mvc.Action.$anonfun$apply$4(Action.scala:82)
	at play.api.libs.streams.StrictAccumulator.$anonfun$mapFuture$4(Accumulator.scala:168)
	at scala.util.Try$.apply(Try.scala:210)
	at play.api.libs.streams.StrictAccumulator.$anonfun$mapFuture$3(Accumulator.scala:168)
	at scala.Function1.$anonfun$andThen$1(Function1.scala:85)
	at scala.Function1.$anonfun$andThen$1(Function1.scala:85)
	at play.api.libs.streams.StrictAccumulator.run(Accumulator.scala:199)
	at play.core.server.AkkaHttpServer.$anonfun$runAction$4(AkkaHttpServer.scala:423)
	at akka.http.scaladsl.util.FastFuture$.strictTransform$1(FastFuture.scala:41)
	at akka.http.scaladsl.util.FastFuture$.$anonfun$transformWith$3(FastFuture.scala:51)
	at scala.concurrent.impl.Promise$Transformation.run(Promise.scala:484)
	... 12 common frames omitted
2022-07-28 16:55:06 [1;31mERROR[0;39m [36mplay.api.http.DevHttpErrorHandler[0;39m [35m[0;39m 

! @7oebpf8hh - Internal server error, for (POST) [/api/verify/] ->
 
play.sbt.PlayExceptions$CompilationException: Compilation error[cannot find symbol
  symbol:   variable asText
  location: class java.lang.String]
	at play.sbt.PlayExceptions$CompilationException$.apply(PlayExceptions.scala:34)
	at play.sbt.PlayExceptions$CompilationException$.apply(PlayExceptions.scala:34)
	at scala.Option.map(Option.scala:230)
	at play.sbt.run.PlayReload$.$anonfun$taskFailureHandler$8(PlayReload.scala:131)
	at scala.Option.map(Option.scala:230)
	at play.sbt.run.PlayReload$.taskFailureHandler(PlayReload.scala:104)
	at play.sbt.run.PlayReload$.compileFailure(PlayReload.scala:38)
	at play.sbt.run.PlayReload$.$anonfun$compile$3(PlayReload.scala:156)
	at scala.util.Either$LeftProjection.map(Either.scala:573)
	at play.sbt.run.PlayReload$.compile(PlayReload.scala:156)
	at play.sbt.run.PlayRun$.$anonfun$playRunTask$4(PlayRun.scala:80)
	at play.runsupport.Reloader.$anonfun$reload$1(Reloader.scala:496)
	at play.runsupport.Reloader$$anon$1.run(Reloader.scala:57)
	at java.base/java.security.AccessController.doPrivileged(Native Method)
	at play.runsupport.Reloader$.play$runsupport$Reloader$$withReloaderContextClassLoader(Reloader.scala:63)
	at play.runsupport.Reloader.reload(Reloader.scala:496)
	at play.core.server.DevServerStart$$anon$1.get(DevServerStart.scala:147)
	at play.core.server.AkkaHttpServer.handleRequest(AkkaHttpServer.scala:308)
	at play.core.server.AkkaHttpServer.$anonfun$createServerBinding$1(AkkaHttpServer.scala:225)
	at akka.stream.impl.fusing.MapAsync$$anon$30.onPush(Ops.scala:1307)
	at akka.stream.impl.fusing.GraphInterpreter.processPush(GraphInterpreter.scala:542)
	at akka.stream.impl.fusing.GraphInterpreter.processEvent(GraphInterpreter.scala:496)
	at akka.stream.impl.fusing.GraphInterpreter.execute(GraphInterpreter.scala:390)
	at akka.stream.impl.fusing.GraphInterpreterShell.runBatch(ActorGraphInterpreter.scala:650)
	at akka.stream.impl.fusing.GraphInterpreterShell$AsyncInput.execute(ActorGraphInterpreter.scala:521)
	at akka.stream.impl.fusing.GraphInterpreterShell.processEvent(ActorGraphInterpreter.scala:625)
	at akka.stream.impl.fusing.ActorGraphInterpreter.akka$stream$impl$fusing$ActorGraphInterpreter$$processEvent(ActorGraphInterpreter.scala:800)
	at akka.stream.impl.fusing.ActorGraphInterpreter$$anonfun$receive$1.applyOrElse(ActorGraphInterpreter.scala:818)
	at akka.actor.Actor.aroundReceive(Actor.scala:537)
	at akka.actor.Actor.aroundReceive$(Actor.scala:535)
	at akka.stream.impl.fusing.ActorGraphInterpreter.aroundReceive(ActorGraphInterpreter.scala:716)
	at akka.actor.ActorCell.receiveMessage(ActorCell.scala:580)
	at akka.actor.ActorCell.invoke(ActorCell.scala:548)
	at akka.dispatch.Mailbox.processMailbox(Mailbox.scala:270)
	at akka.dispatch.Mailbox.run(Mailbox.scala:231)
	at akka.dispatch.Mailbox.exec(Mailbox.scala:243)
	at java.base/java.util.concurrent.ForkJoinTask.doExec(ForkJoinTask.java:290)
	at java.base/java.util.concurrent.ForkJoinPool$WorkQueue.topLevelExec(ForkJoinPool.java:1020)
	at java.base/java.util.concurrent.ForkJoinPool.scan(ForkJoinPool.java:1656)
	at java.base/java.util.concurrent.ForkJoinPool.runWorker(ForkJoinPool.java:1594)
	at java.base/java.util.concurrent.ForkJoinWorkerThread.run(ForkJoinWorkerThread.java:177)
2022-07-28 16:56:56 [1;31mERROR[0;39m [36mplay.api.http.DevHttpErrorHandler[0;39m [35m[0;39m 

! @7oebplfa0 - Internal server error, for (POST) [/api/verify/] ->
 
play.sbt.PlayExceptions$CompilationException: Compilation error[')' expected]
	at play.sbt.PlayExceptions$CompilationException$.apply(PlayExceptions.scala:34)
	at play.sbt.PlayExceptions$CompilationException$.apply(PlayExceptions.scala:34)
	at scala.Option.map(Option.scala:230)
	at play.sbt.run.PlayReload$.$anonfun$taskFailureHandler$8(PlayReload.scala:131)
	at scala.Option.map(Option.scala:230)
	at play.sbt.run.PlayReload$.taskFailureHandler(PlayReload.scala:104)
	at play.sbt.run.PlayReload$.compileFailure(PlayReload.scala:38)
	at play.sbt.run.PlayReload$.$anonfun$compile$3(PlayReload.scala:156)
	at scala.util.Either$LeftProjection.map(Either.scala:573)
	at play.sbt.run.PlayReload$.compile(PlayReload.scala:156)
	at play.sbt.run.PlayRun$.$anonfun$playRunTask$4(PlayRun.scala:80)
	at play.runsupport.Reloader.$anonfun$reload$1(Reloader.scala:496)
	at play.runsupport.Reloader$$anon$1.run(Reloader.scala:57)
	at java.base/java.security.AccessController.doPrivileged(Native Method)
	at play.runsupport.Reloader$.play$runsupport$Reloader$$withReloaderContextClassLoader(Reloader.scala:63)
	at play.runsupport.Reloader.reload(Reloader.scala:496)
	at play.core.server.DevServerStart$$anon$1.get(DevServerStart.scala:147)
	at play.core.server.AkkaHttpServer.handleRequest(AkkaHttpServer.scala:308)
	at play.core.server.AkkaHttpServer.$anonfun$createServerBinding$1(AkkaHttpServer.scala:225)
	at akka.stream.impl.fusing.MapAsync$$anon$30.onPush(Ops.scala:1307)
	at akka.stream.impl.fusing.GraphInterpreter.processPush(GraphInterpreter.scala:542)
	at akka.stream.impl.fusing.GraphInterpreter.processEvent(GraphInterpreter.scala:496)
	at akka.stream.impl.fusing.GraphInterpreter.execute(GraphInterpreter.scala:390)
	at akka.stream.impl.fusing.GraphInterpreterShell.runBatch(ActorGraphInterpreter.scala:650)
	at akka.stream.impl.fusing.GraphInterpreterShell$AsyncInput.execute(ActorGraphInterpreter.scala:521)
	at akka.stream.impl.fusing.GraphInterpreterShell.processEvent(ActorGraphInterpreter.scala:625)
	at akka.stream.impl.fusing.ActorGraphInterpreter.akka$stream$impl$fusing$ActorGraphInterpreter$$processEvent(ActorGraphInterpreter.scala:800)
	at akka.stream.impl.fusing.ActorGraphInterpreter$$anonfun$receive$1.applyOrElse(ActorGraphInterpreter.scala:818)
	at akka.actor.Actor.aroundReceive(Actor.scala:537)
	at akka.actor.Actor.aroundReceive$(Actor.scala:535)
	at akka.stream.impl.fusing.ActorGraphInterpreter.aroundReceive(ActorGraphInterpreter.scala:716)
	at akka.actor.ActorCell.receiveMessage(ActorCell.scala:580)
	at akka.actor.ActorCell.invoke(ActorCell.scala:548)
	at akka.dispatch.Mailbox.processMailbox(Mailbox.scala:270)
	at akka.dispatch.Mailbox.run(Mailbox.scala:231)
	at akka.dispatch.Mailbox.exec(Mailbox.scala:243)
	at java.base/java.util.concurrent.ForkJoinTask.doExec(ForkJoinTask.java:290)
	at java.base/java.util.concurrent.ForkJoinPool$WorkQueue.topLevelExec(ForkJoinPool.java:1020)
	at java.base/java.util.concurrent.ForkJoinPool.scan(ForkJoinPool.java:1656)
	at java.base/java.util.concurrent.ForkJoinPool.runWorker(ForkJoinPool.java:1594)
	at java.base/java.util.concurrent.ForkJoinWorkerThread.run(ForkJoinWorkerThread.java:177)
2022-07-28 16:57:35 [31mWARN [0;39m [36mplay.db.DBModule[0;39m [35m[0;39m Configuration not found for database: merge of system properties,hardcoded value,application.conf @ file:/Users/doruntinemaloku/Documents/Backend_API_Excersise/target/scala-2.13/classes/application.conf: 1,play/reference-overrides.conf @ jar:file:/Users/doruntinemaloku/Library/Caches/Coursier/v1/https/repo1.maven.org/maven2/com/typesafe/play/play-akka-http-server_2.13/2.8.16/play-akka-http-server_2.13-2.8.16.jar!/play/reference-overrides.conf: 1,play/reference-overrides.conf @ jar:file:/Users/doruntinemaloku/Library/Caches/Coursier/v1/https/repo1.maven.org/maven2/com/typesafe/play/play_2.13/2.8.16/play_2.13-2.8.16.jar!/play/reference-overrides.conf: 1,reference.conf @ file:/Users/doruntinemaloku/Documents/Backend_API_Excersise/target/scala-2.13/classes/reference.conf: 1,reference.conf @ jar:file:/Users/doruntinemaloku/Library/Caches/Coursier/v1/https/repo1.maven.org/maven2/com/typesafe/play/play-server_2.13/2.8.16/play-server_2.13-2.8.16.jar!/reference.conf: 1,reference.conf @ jar:file:/Users/doruntinemaloku/Library/Caches/Coursier/v1/https/repo1.maven.org/maven2/com/typesafe/play/play-akka-http-server_2.13/2.8.16/play-akka-http-server_2.13-2.8.16.jar!/reference.conf: 1,reference.conf @ jar:file:/Users/doruntinemaloku/Library/Caches/Coursier/v1/https/repo1.maven.org/maven2/com/typesafe/play/play-java-forms_2.13/2.8.16/play-java-forms_2.13-2.8.16.jar!/reference.conf: 1,reference.conf @ jar:file:/Users/doruntinemaloku/Library/Caches/Coursier/v1/https/repo1.maven.org/maven2/com/typesafe/play/filters-helpers_2.13/2.8.16/filters-helpers_2.13-2.8.16.jar!/reference.conf: 1,reference.conf @ jar:file:/Users/doruntinemaloku/Library/Caches/Coursier/v1/https/repo1.maven.org/maven2/com/typesafe/play/play-java-jdbc_2.13/2.8.16/play-java-jdbc_2.13-2.8.16.jar!/reference.conf: 1,reference.conf @ jar:file:/Users/doruntinemaloku/Library/Caches/Coursier/v1/https/repo1.maven.org/maven2/com/typesafe/play/play-guice_2.13/2.8.16/play-guice_2.13-2.8.16.jar!/reference.conf: 1,reference.conf @ jar:file:/Users/doruntinemaloku/Library/Caches/Coursier/v1/https/repo1.maven.org/maven2/com/typesafe/play/play-ehcache_2.13/2.8.16/play-ehcache_2.13-2.8.16.jar!/reference.conf: 1,reference.conf @ jar:file:/Users/doruntinemaloku/Library/Caches/Coursier/v1/https/repo1.maven.org/maven2/com/typesafe/play/play_2.13/2.8.16/play_2.13-2.8.16.jar!/reference.conf: 1,reference.conf @ jar:file:/Users/doruntinemaloku/Library/Caches/Coursier/v1/https/repo1.maven.org/maven2/com/typesafe/akka/akka-http-core_2.13/10.1.15/akka-http-core_2.13-10.1.15.jar!/reference.conf: 1,reference.conf @ jar:file:/Users/doruntinemaloku/Library/Caches/Coursier/v1/https/repo1.maven.org/maven2/com/typesafe/play/play-java_2.13/2.8.16/play-java_2.13-2.8.16.jar!/reference.conf: 1,reference.conf @ jar:file:/Users/doruntinemaloku/Library/Caches/Coursier/v1/https/repo1.maven.org/maven2/com/typesafe/play/play-jdbc_2.13/2.8.16/play-jdbc_2.13-2.8.16.jar!/reference.conf: 1,reference.conf @ jar:file:/Users/doruntinemaloku/Library/Caches/Coursier/v1/https/repo1.maven.org/maven2/com/typesafe/akka/akka-actor_2.13/2.6.19/akka-actor_2.13-2.6.19.jar!/reference.conf: 1,reference.conf @ jar:file:/Users/doruntinemaloku/Library/Caches/Coursier/v1/https/repo1.maven.org/maven2/com/typesafe/akka/akka-actor-typed_2.13/2.6.19/akka-actor-typed_2.13-2.6.19.jar!/reference.conf: 1,reference.conf @ jar:file:/Users/doruntinemaloku/Library/Caches/Coursier/v1/https/repo1.maven.org/maven2/com/typesafe/akka/akka-serialization-jackson_2.13/2.6.19/akka-serialization-jackson_2.13-2.6.19.jar!/reference.conf: 1,reference.conf @ jar:file:/Users/doruntinemaloku/Library/Caches/Coursier/v1/https/repo1.maven.org/maven2/com/typesafe/ssl-config-core_2.13/0.4.3/ssl-config-core_2.13-0.4.3.jar!/reference.conf: 1,reference.conf @ jar:file:/Users/doruntinemaloku/Library/Caches/Coursier/v1/https/repo1.maven.org/maven2/com/typesafe/akka/akka-stream_2.13/2.6.19/akka-stream_2.13-2.6.19.jar!/reference.conf: 1: No configuration setting found for key 'db'
2022-07-28 16:57:36 [34mINFO [0;39m [36mplay.api.http.EnabledFilters[0;39m [35m[0;39m Enabled Filters (see <https://www.playframework.com/documentation/latest/Filters>):

    play.filters.csrf.CSRFFilter
    play.filters.headers.SecurityHeadersFilter
    play.filters.hosts.AllowedHostsFilter

2022-07-28 16:57:36 [34mINFO [0;39m [36mplay.api.Play[0;39m [35m[0;39m Application started (Dev) (no global state)
2022-07-28 16:57:37 [1;31mERROR[0;39m [36mp.api.http.DefaultHttpErrorHandler[0;39m [35m[0;39m 

! @7oebpno81 - Internal server error, for (POST) [/api/verify/] ->
 
play.api.http.HttpErrorHandlerExceptions$$anon$1: Execution exception[[IllegalArgumentException: invalid hexadecimal representation of an ObjectId: [9d]]]
	at play.api.http.HttpErrorHandlerExceptions$.$anonfun$convertToPlayException$2(HttpErrorHandler.scala:381)
	at scala.Option.map(Option.scala:242)
	at play.api.http.HttpErrorHandlerExceptions$.convertToPlayException(HttpErrorHandler.scala:380)
	at play.api.http.HttpErrorHandlerExceptions$.throwableToUsefulException(HttpErrorHandler.scala:373)
	at play.api.http.DefaultHttpErrorHandler.onServerError(HttpErrorHandler.scala:264)
	at play.core.server.AkkaHttpServer$$anonfun$2.applyOrElse(AkkaHttpServer.scala:436)
	at play.core.server.AkkaHttpServer$$anonfun$2.applyOrElse(AkkaHttpServer.scala:428)
	at scala.concurrent.impl.Promise$Transformation.run(Promise.scala:490)
	at akka.dispatch.BatchingExecutor$AbstractBatch.processBatch(BatchingExecutor.scala:63)
	at akka.dispatch.BatchingExecutor$BlockableBatch.$anonfun$run$1(BatchingExecutor.scala:100)
	at scala.runtime.java8.JFunction0$mcV$sp.apply(JFunction0$mcV$sp.scala:18)
	at scala.concurrent.BlockContext$.withBlockContext(BlockContext.scala:94)
	at akka.dispatch.BatchingExecutor$BlockableBatch.run(BatchingExecutor.scala:100)
	at akka.dispatch.TaskInvocation.run(AbstractDispatcher.scala:49)
	at akka.dispatch.ForkJoinExecutorConfigurator$AkkaForkJoinTask.exec(ForkJoinExecutorConfigurator.scala:48)
	at java.base/java.util.concurrent.ForkJoinTask.doExec(ForkJoinTask.java:290)
	at java.base/java.util.concurrent.ForkJoinPool$WorkQueue.topLevelExec(ForkJoinPool.java:1020)
	at java.base/java.util.concurrent.ForkJoinPool.scan(ForkJoinPool.java:1656)
	at java.base/java.util.concurrent.ForkJoinPool.runWorker(ForkJoinPool.java:1594)
	at java.base/java.util.concurrent.ForkJoinWorkerThread.run(ForkJoinWorkerThread.java:177)
Caused by: java.lang.IllegalArgumentException: invalid hexadecimal representation of an ObjectId: [9d]
	at org.bson.types.ObjectId.parseHexString(ObjectId.java:390)
	at org.bson.types.ObjectId.<init>(ObjectId.java:193)
	at io.backend.api.controllers.BackendAPI_Controller.verify(BackendAPI_Controller.java:81)
	at router.Routes$$anonfun$routes$1.$anonfun$applyOrElse$8(Routes.scala:218)
	at play.core.routing.HandlerInvokerFactory$$anon$8.resultCall(HandlerInvoker.scala:150)
	at play.core.routing.HandlerInvokerFactory$$anon$8.resultCall(HandlerInvoker.scala:149)
	at play.core.routing.HandlerInvokerFactory$JavaActionInvokerFactory$$anon$3$$anon$4$$anon$5.invocation(HandlerInvoker.scala:115)
	at play.core.j.JavaAction$$anon$1.call(JavaAction.scala:119)
	at play.http.DefaultActionCreator$1.call(DefaultActionCreator.java:33)
	at play.core.j.JavaAction.$anonfun$apply$8(JavaAction.scala:175)
	at scala.concurrent.Future$.$anonfun$apply$1(Future.scala:678)
	at scala.concurrent.impl.Promise$Transformation.run(Promise.scala:467)
	at play.core.j.HttpExecutionContext.$anonfun$execute$1(HttpExecutionContext.scala:64)
	at play.api.libs.streams.Execution$trampoline$.execute(Execution.scala:70)
	at play.core.j.HttpExecutionContext.execute(HttpExecutionContext.scala:59)
	at scala.concurrent.impl.Promise$Transformation.submitWithValue(Promise.scala:429)
	at scala.concurrent.impl.Promise$DefaultPromise.submitWithValue(Promise.scala:338)
	at scala.concurrent.impl.Promise$DefaultPromise.dispatchOrAddCallbacks(Promise.scala:312)
	at scala.concurrent.impl.Promise$DefaultPromise.map(Promise.scala:182)
	at scala.concurrent.Future$.apply(Future.scala:678)
	at play.core.j.JavaAction.apply(JavaAction.scala:176)
	at play.api.mvc.Action.$anonfun$apply$4(Action.scala:82)
	at play.api.libs.streams.StrictAccumulator.$anonfun$mapFuture$4(Accumulator.scala:168)
	at scala.util.Try$.apply(Try.scala:210)
	at play.api.libs.streams.StrictAccumulator.$anonfun$mapFuture$3(Accumulator.scala:168)
	at scala.Function1.$anonfun$andThen$1(Function1.scala:85)
	at scala.Function1.$anonfun$andThen$1(Function1.scala:85)
	at play.api.libs.streams.StrictAccumulator.run(Accumulator.scala:199)
	at play.core.server.AkkaHttpServer.$anonfun$runAction$4(AkkaHttpServer.scala:423)
	at akka.http.scaladsl.util.FastFuture$.strictTransform$1(FastFuture.scala:41)
	at akka.http.scaladsl.util.FastFuture$.$anonfun$transformWith$3(FastFuture.scala:51)
	at scala.concurrent.impl.Promise$Transformation.run(Promise.scala:484)
	... 12 common frames omitted
2022-07-28 16:58:07 [1;31mERROR[0;39m [36mp.api.http.DefaultHttpErrorHandler[0;39m [35m[0;39m 

! @7oebppg99 - Internal server error, for (POST) [/api/verify/] ->
 
play.api.http.HttpErrorHandlerExceptions$$anon$1: Execution exception[[IllegalArgumentException: invalid hexadecimal representation of an ObjectId: [9e]]]
	at play.api.http.HttpErrorHandlerExceptions$.$anonfun$convertToPlayException$2(HttpErrorHandler.scala:381)
	at scala.Option.map(Option.scala:242)
	at play.api.http.HttpErrorHandlerExceptions$.convertToPlayException(HttpErrorHandler.scala:380)
	at play.api.http.HttpErrorHandlerExceptions$.throwableToUsefulException(HttpErrorHandler.scala:373)
	at play.api.http.DefaultHttpErrorHandler.onServerError(HttpErrorHandler.scala:264)
	at play.core.server.AkkaHttpServer$$anonfun$2.applyOrElse(AkkaHttpServer.scala:436)
	at play.core.server.AkkaHttpServer$$anonfun$2.applyOrElse(AkkaHttpServer.scala:428)
	at scala.concurrent.impl.Promise$Transformation.run(Promise.scala:490)
	at akka.dispatch.BatchingExecutor$AbstractBatch.processBatch(BatchingExecutor.scala:63)
	at akka.dispatch.BatchingExecutor$BlockableBatch.$anonfun$run$1(BatchingExecutor.scala:100)
	at scala.runtime.java8.JFunction0$mcV$sp.apply(JFunction0$mcV$sp.scala:18)
	at scala.concurrent.BlockContext$.withBlockContext(BlockContext.scala:94)
	at akka.dispatch.BatchingExecutor$BlockableBatch.run(BatchingExecutor.scala:100)
	at akka.dispatch.TaskInvocation.run(AbstractDispatcher.scala:49)
	at akka.dispatch.ForkJoinExecutorConfigurator$AkkaForkJoinTask.exec(ForkJoinExecutorConfigurator.scala:48)
	at java.base/java.util.concurrent.ForkJoinTask.doExec(ForkJoinTask.java:290)
	at java.base/java.util.concurrent.ForkJoinPool$WorkQueue.topLevelExec(ForkJoinPool.java:1020)
	at java.base/java.util.concurrent.ForkJoinPool.scan(ForkJoinPool.java:1656)
	at java.base/java.util.concurrent.ForkJoinPool.runWorker(ForkJoinPool.java:1594)
	at java.base/java.util.concurrent.ForkJoinWorkerThread.run(ForkJoinWorkerThread.java:177)
Caused by: java.lang.IllegalArgumentException: invalid hexadecimal representation of an ObjectId: [9e]
	at org.bson.types.ObjectId.parseHexString(ObjectId.java:390)
	at org.bson.types.ObjectId.<init>(ObjectId.java:193)
	at io.backend.api.controllers.BackendAPI_Controller.verify(BackendAPI_Controller.java:81)
	at router.Routes$$anonfun$routes$1.$anonfun$applyOrElse$8(Routes.scala:218)
	at play.core.routing.HandlerInvokerFactory$$anon$8.resultCall(HandlerInvoker.scala:150)
	at play.core.routing.HandlerInvokerFactory$$anon$8.resultCall(HandlerInvoker.scala:149)
	at play.core.routing.HandlerInvokerFactory$JavaActionInvokerFactory$$anon$3$$anon$4$$anon$5.invocation(HandlerInvoker.scala:115)
	at play.core.j.JavaAction$$anon$1.call(JavaAction.scala:119)
	at play.http.DefaultActionCreator$1.call(DefaultActionCreator.java:33)
	at play.core.j.JavaAction.$anonfun$apply$8(JavaAction.scala:175)
	at scala.concurrent.Future$.$anonfun$apply$1(Future.scala:678)
	at scala.concurrent.impl.Promise$Transformation.run(Promise.scala:467)
	at play.core.j.HttpExecutionContext.$anonfun$execute$1(HttpExecutionContext.scala:64)
	at play.api.libs.streams.Execution$trampoline$.execute(Execution.scala:70)
	at play.core.j.HttpExecutionContext.execute(HttpExecutionContext.scala:59)
	at scala.concurrent.impl.Promise$Transformation.submitWithValue(Promise.scala:429)
	at scala.concurrent.impl.Promise$DefaultPromise.submitWithValue(Promise.scala:338)
	at scala.concurrent.impl.Promise$DefaultPromise.dispatchOrAddCallbacks(Promise.scala:312)
	at scala.concurrent.impl.Promise$DefaultPromise.map(Promise.scala:182)
	at scala.concurrent.Future$.apply(Future.scala:678)
	at play.core.j.JavaAction.apply(JavaAction.scala:176)
	at play.api.mvc.Action.$anonfun$apply$4(Action.scala:82)
	at play.api.libs.streams.StrictAccumulator.$anonfun$mapFuture$4(Accumulator.scala:168)
	at scala.util.Try$.apply(Try.scala:210)
	at play.api.libs.streams.StrictAccumulator.$anonfun$mapFuture$3(Accumulator.scala:168)
	at scala.Function1.$anonfun$andThen$1(Function1.scala:85)
	at scala.Function1.$anonfun$andThen$1(Function1.scala:85)
	at play.api.libs.streams.StrictAccumulator.run(Accumulator.scala:199)
	at play.core.server.AkkaHttpServer.$anonfun$runAction$4(AkkaHttpServer.scala:423)
	at akka.http.scaladsl.util.FastFuture$.strictTransform$1(FastFuture.scala:41)
	at akka.http.scaladsl.util.FastFuture$.$anonfun$transformWith$3(FastFuture.scala:51)
	at scala.concurrent.impl.Promise$Transformation.run(Promise.scala:484)
	... 12 common frames omitted
2022-07-28 16:59:54 [31mWARN [0;39m [36mplay.db.DBModule[0;39m [35m[0;39m Configuration not found for database: merge of system properties,hardcoded value,application.conf @ file:/Users/doruntinemaloku/Documents/Backend_API_Excersise/target/scala-2.13/classes/application.conf: 1,play/reference-overrides.conf @ jar:file:/Users/doruntinemaloku/Library/Caches/Coursier/v1/https/repo1.maven.org/maven2/com/typesafe/play/play-akka-http-server_2.13/2.8.16/play-akka-http-server_2.13-2.8.16.jar!/play/reference-overrides.conf: 1,play/reference-overrides.conf @ jar:file:/Users/doruntinemaloku/Library/Caches/Coursier/v1/https/repo1.maven.org/maven2/com/typesafe/play/play_2.13/2.8.16/play_2.13-2.8.16.jar!/play/reference-overrides.conf: 1,reference.conf @ file:/Users/doruntinemaloku/Documents/Backend_API_Excersise/target/scala-2.13/classes/reference.conf: 1,reference.conf @ jar:file:/Users/doruntinemaloku/Library/Caches/Coursier/v1/https/repo1.maven.org/maven2/com/typesafe/play/play-server_2.13/2.8.16/play-server_2.13-2.8.16.jar!/reference.conf: 1,reference.conf @ jar:file:/Users/doruntinemaloku/Library/Caches/Coursier/v1/https/repo1.maven.org/maven2/com/typesafe/play/play-akka-http-server_2.13/2.8.16/play-akka-http-server_2.13-2.8.16.jar!/reference.conf: 1,reference.conf @ jar:file:/Users/doruntinemaloku/Library/Caches/Coursier/v1/https/repo1.maven.org/maven2/com/typesafe/play/play-java-forms_2.13/2.8.16/play-java-forms_2.13-2.8.16.jar!/reference.conf: 1,reference.conf @ jar:file:/Users/doruntinemaloku/Library/Caches/Coursier/v1/https/repo1.maven.org/maven2/com/typesafe/play/filters-helpers_2.13/2.8.16/filters-helpers_2.13-2.8.16.jar!/reference.conf: 1,reference.conf @ jar:file:/Users/doruntinemaloku/Library/Caches/Coursier/v1/https/repo1.maven.org/maven2/com/typesafe/play/play-java-jdbc_2.13/2.8.16/play-java-jdbc_2.13-2.8.16.jar!/reference.conf: 1,reference.conf @ jar:file:/Users/doruntinemaloku/Library/Caches/Coursier/v1/https/repo1.maven.org/maven2/com/typesafe/play/play-guice_2.13/2.8.16/play-guice_2.13-2.8.16.jar!/reference.conf: 1,reference.conf @ jar:file:/Users/doruntinemaloku/Library/Caches/Coursier/v1/https/repo1.maven.org/maven2/com/typesafe/play/play-ehcache_2.13/2.8.16/play-ehcache_2.13-2.8.16.jar!/reference.conf: 1,reference.conf @ jar:file:/Users/doruntinemaloku/Library/Caches/Coursier/v1/https/repo1.maven.org/maven2/com/typesafe/play/play_2.13/2.8.16/play_2.13-2.8.16.jar!/reference.conf: 1,reference.conf @ jar:file:/Users/doruntinemaloku/Library/Caches/Coursier/v1/https/repo1.maven.org/maven2/com/typesafe/akka/akka-http-core_2.13/10.1.15/akka-http-core_2.13-10.1.15.jar!/reference.conf: 1,reference.conf @ jar:file:/Users/doruntinemaloku/Library/Caches/Coursier/v1/https/repo1.maven.org/maven2/com/typesafe/play/play-java_2.13/2.8.16/play-java_2.13-2.8.16.jar!/reference.conf: 1,reference.conf @ jar:file:/Users/doruntinemaloku/Library/Caches/Coursier/v1/https/repo1.maven.org/maven2/com/typesafe/play/play-jdbc_2.13/2.8.16/play-jdbc_2.13-2.8.16.jar!/reference.conf: 1,reference.conf @ jar:file:/Users/doruntinemaloku/Library/Caches/Coursier/v1/https/repo1.maven.org/maven2/com/typesafe/akka/akka-actor_2.13/2.6.19/akka-actor_2.13-2.6.19.jar!/reference.conf: 1,reference.conf @ jar:file:/Users/doruntinemaloku/Library/Caches/Coursier/v1/https/repo1.maven.org/maven2/com/typesafe/akka/akka-actor-typed_2.13/2.6.19/akka-actor-typed_2.13-2.6.19.jar!/reference.conf: 1,reference.conf @ jar:file:/Users/doruntinemaloku/Library/Caches/Coursier/v1/https/repo1.maven.org/maven2/com/typesafe/akka/akka-serialization-jackson_2.13/2.6.19/akka-serialization-jackson_2.13-2.6.19.jar!/reference.conf: 1,reference.conf @ jar:file:/Users/doruntinemaloku/Library/Caches/Coursier/v1/https/repo1.maven.org/maven2/com/typesafe/ssl-config-core_2.13/0.4.3/ssl-config-core_2.13-0.4.3.jar!/reference.conf: 1,reference.conf @ jar:file:/Users/doruntinemaloku/Library/Caches/Coursier/v1/https/repo1.maven.org/maven2/com/typesafe/akka/akka-stream_2.13/2.6.19/akka-stream_2.13-2.6.19.jar!/reference.conf: 1: No configuration setting found for key 'db'
2022-07-28 16:59:55 [34mINFO [0;39m [36mplay.api.http.EnabledFilters[0;39m [35m[0;39m Enabled Filters (see <https://www.playframework.com/documentation/latest/Filters>):

    play.filters.csrf.CSRFFilter
    play.filters.headers.SecurityHeadersFilter
    play.filters.hosts.AllowedHostsFilter

2022-07-28 16:59:56 [34mINFO [0;39m [36mplay.api.Play[0;39m [35m[0;39m Application started (Dev) (no global state)
2022-07-28 16:59:57 [1;31mERROR[0;39m [36mp.api.http.DefaultHttpErrorHandler[0;39m [35m[0;39m 

! @7oec05nb1 - Internal server error, for (POST) [/api/verify/] ->
 
play.api.http.HttpErrorHandlerExceptions$$anon$1: Execution exception[[IllegalArgumentException: invalid hexadecimal representation of an ObjectId: [3c]]]
	at play.api.http.HttpErrorHandlerExceptions$.$anonfun$convertToPlayException$2(HttpErrorHandler.scala:381)
	at scala.Option.map(Option.scala:242)
	at play.api.http.HttpErrorHandlerExceptions$.convertToPlayException(HttpErrorHandler.scala:380)
	at play.api.http.HttpErrorHandlerExceptions$.throwableToUsefulException(HttpErrorHandler.scala:373)
	at play.api.http.DefaultHttpErrorHandler.onServerError(HttpErrorHandler.scala:264)
	at play.core.server.AkkaHttpServer$$anonfun$2.applyOrElse(AkkaHttpServer.scala:436)
	at play.core.server.AkkaHttpServer$$anonfun$2.applyOrElse(AkkaHttpServer.scala:428)
	at scala.concurrent.impl.Promise$Transformation.run(Promise.scala:490)
	at akka.dispatch.BatchingExecutor$AbstractBatch.processBatch(BatchingExecutor.scala:63)
	at akka.dispatch.BatchingExecutor$BlockableBatch.$anonfun$run$1(BatchingExecutor.scala:100)
	at scala.runtime.java8.JFunction0$mcV$sp.apply(JFunction0$mcV$sp.scala:18)
	at scala.concurrent.BlockContext$.withBlockContext(BlockContext.scala:94)
	at akka.dispatch.BatchingExecutor$BlockableBatch.run(BatchingExecutor.scala:100)
	at akka.dispatch.TaskInvocation.run(AbstractDispatcher.scala:49)
	at akka.dispatch.ForkJoinExecutorConfigurator$AkkaForkJoinTask.exec(ForkJoinExecutorConfigurator.scala:48)
	at java.base/java.util.concurrent.ForkJoinTask.doExec(ForkJoinTask.java:290)
	at java.base/java.util.concurrent.ForkJoinPool$WorkQueue.topLevelExec(ForkJoinPool.java:1020)
	at java.base/java.util.concurrent.ForkJoinPool.scan(ForkJoinPool.java:1656)
	at java.base/java.util.concurrent.ForkJoinPool.runWorker(ForkJoinPool.java:1594)
	at java.base/java.util.concurrent.ForkJoinWorkerThread.run(ForkJoinWorkerThread.java:177)
Caused by: java.lang.IllegalArgumentException: invalid hexadecimal representation of an ObjectId: [3c]
	at org.bson.types.ObjectId.parseHexString(ObjectId.java:390)
	at org.bson.types.ObjectId.<init>(ObjectId.java:193)
	at io.backend.api.controllers.BackendAPI_Controller.verify(BackendAPI_Controller.java:76)
	at router.Routes$$anonfun$routes$1.$anonfun$applyOrElse$8(Routes.scala:218)
	at play.core.routing.HandlerInvokerFactory$$anon$8.resultCall(HandlerInvoker.scala:150)
	at play.core.routing.HandlerInvokerFactory$$anon$8.resultCall(HandlerInvoker.scala:149)
	at play.core.routing.HandlerInvokerFactory$JavaActionInvokerFactory$$anon$3$$anon$4$$anon$5.invocation(HandlerInvoker.scala:115)
	at play.core.j.JavaAction$$anon$1.call(JavaAction.scala:119)
	at play.http.DefaultActionCreator$1.call(DefaultActionCreator.java:33)
	at play.core.j.JavaAction.$anonfun$apply$8(JavaAction.scala:175)
	at scala.concurrent.Future$.$anonfun$apply$1(Future.scala:678)
	at scala.concurrent.impl.Promise$Transformation.run(Promise.scala:467)
	at play.core.j.HttpExecutionContext.$anonfun$execute$1(HttpExecutionContext.scala:64)
	at play.api.libs.streams.Execution$trampoline$.execute(Execution.scala:70)
	at play.core.j.HttpExecutionContext.execute(HttpExecutionContext.scala:59)
	at scala.concurrent.impl.Promise$Transformation.submitWithValue(Promise.scala:429)
	at scala.concurrent.impl.Promise$DefaultPromise.submitWithValue(Promise.scala:338)
	at scala.concurrent.impl.Promise$DefaultPromise.dispatchOrAddCallbacks(Promise.scala:312)
	at scala.concurrent.impl.Promise$DefaultPromise.map(Promise.scala:182)
	at scala.concurrent.Future$.apply(Future.scala:678)
	at play.core.j.JavaAction.apply(JavaAction.scala:176)
	at play.api.mvc.Action.$anonfun$apply$4(Action.scala:82)
	at play.api.libs.streams.StrictAccumulator.$anonfun$mapFuture$4(Accumulator.scala:168)
	at scala.util.Try$.apply(Try.scala:210)
	at play.api.libs.streams.StrictAccumulator.$anonfun$mapFuture$3(Accumulator.scala:168)
	at scala.Function1.$anonfun$andThen$1(Function1.scala:85)
	at scala.Function1.$anonfun$andThen$1(Function1.scala:85)
	at play.api.libs.streams.StrictAccumulator.run(Accumulator.scala:199)
	at play.core.server.AkkaHttpServer.$anonfun$runAction$4(AkkaHttpServer.scala:423)
	at akka.http.scaladsl.util.FastFuture$.strictTransform$1(FastFuture.scala:41)
	at akka.http.scaladsl.util.FastFuture$.$anonfun$transformWith$3(FastFuture.scala:51)
	at scala.concurrent.impl.Promise$Transformation.run(Promise.scala:484)
	... 12 common frames omitted
2022-07-28 17:00:44 [31mWARN [0;39m [36mplay.db.DBModule[0;39m [35m[0;39m Configuration not found for database: merge of system properties,hardcoded value,application.conf @ file:/Users/doruntinemaloku/Documents/Backend_API_Excersise/target/scala-2.13/classes/application.conf: 1,play/reference-overrides.conf @ jar:file:/Users/doruntinemaloku/Library/Caches/Coursier/v1/https/repo1.maven.org/maven2/com/typesafe/play/play-akka-http-server_2.13/2.8.16/play-akka-http-server_2.13-2.8.16.jar!/play/reference-overrides.conf: 1,play/reference-overrides.conf @ jar:file:/Users/doruntinemaloku/Library/Caches/Coursier/v1/https/repo1.maven.org/maven2/com/typesafe/play/play_2.13/2.8.16/play_2.13-2.8.16.jar!/play/reference-overrides.conf: 1,reference.conf @ file:/Users/doruntinemaloku/Documents/Backend_API_Excersise/target/scala-2.13/classes/reference.conf: 1,reference.conf @ jar:file:/Users/doruntinemaloku/Library/Caches/Coursier/v1/https/repo1.maven.org/maven2/com/typesafe/play/play-server_2.13/2.8.16/play-server_2.13-2.8.16.jar!/reference.conf: 1,reference.conf @ jar:file:/Users/doruntinemaloku/Library/Caches/Coursier/v1/https/repo1.maven.org/maven2/com/typesafe/play/play-akka-http-server_2.13/2.8.16/play-akka-http-server_2.13-2.8.16.jar!/reference.conf: 1,reference.conf @ jar:file:/Users/doruntinemaloku/Library/Caches/Coursier/v1/https/repo1.maven.org/maven2/com/typesafe/play/play-java-forms_2.13/2.8.16/play-java-forms_2.13-2.8.16.jar!/reference.conf: 1,reference.conf @ jar:file:/Users/doruntinemaloku/Library/Caches/Coursier/v1/https/repo1.maven.org/maven2/com/typesafe/play/filters-helpers_2.13/2.8.16/filters-helpers_2.13-2.8.16.jar!/reference.conf: 1,reference.conf @ jar:file:/Users/doruntinemaloku/Library/Caches/Coursier/v1/https/repo1.maven.org/maven2/com/typesafe/play/play-java-jdbc_2.13/2.8.16/play-java-jdbc_2.13-2.8.16.jar!/reference.conf: 1,reference.conf @ jar:file:/Users/doruntinemaloku/Library/Caches/Coursier/v1/https/repo1.maven.org/maven2/com/typesafe/play/play-guice_2.13/2.8.16/play-guice_2.13-2.8.16.jar!/reference.conf: 1,reference.conf @ jar:file:/Users/doruntinemaloku/Library/Caches/Coursier/v1/https/repo1.maven.org/maven2/com/typesafe/play/play-ehcache_2.13/2.8.16/play-ehcache_2.13-2.8.16.jar!/reference.conf: 1,reference.conf @ jar:file:/Users/doruntinemaloku/Library/Caches/Coursier/v1/https/repo1.maven.org/maven2/com/typesafe/play/play_2.13/2.8.16/play_2.13-2.8.16.jar!/reference.conf: 1,reference.conf @ jar:file:/Users/doruntinemaloku/Library/Caches/Coursier/v1/https/repo1.maven.org/maven2/com/typesafe/akka/akka-http-core_2.13/10.1.15/akka-http-core_2.13-10.1.15.jar!/reference.conf: 1,reference.conf @ jar:file:/Users/doruntinemaloku/Library/Caches/Coursier/v1/https/repo1.maven.org/maven2/com/typesafe/play/play-java_2.13/2.8.16/play-java_2.13-2.8.16.jar!/reference.conf: 1,reference.conf @ jar:file:/Users/doruntinemaloku/Library/Caches/Coursier/v1/https/repo1.maven.org/maven2/com/typesafe/play/play-jdbc_2.13/2.8.16/play-jdbc_2.13-2.8.16.jar!/reference.conf: 1,reference.conf @ jar:file:/Users/doruntinemaloku/Library/Caches/Coursier/v1/https/repo1.maven.org/maven2/com/typesafe/akka/akka-actor_2.13/2.6.19/akka-actor_2.13-2.6.19.jar!/reference.conf: 1,reference.conf @ jar:file:/Users/doruntinemaloku/Library/Caches/Coursier/v1/https/repo1.maven.org/maven2/com/typesafe/akka/akka-actor-typed_2.13/2.6.19/akka-actor-typed_2.13-2.6.19.jar!/reference.conf: 1,reference.conf @ jar:file:/Users/doruntinemaloku/Library/Caches/Coursier/v1/https/repo1.maven.org/maven2/com/typesafe/akka/akka-serialization-jackson_2.13/2.6.19/akka-serialization-jackson_2.13-2.6.19.jar!/reference.conf: 1,reference.conf @ jar:file:/Users/doruntinemaloku/Library/Caches/Coursier/v1/https/repo1.maven.org/maven2/com/typesafe/ssl-config-core_2.13/0.4.3/ssl-config-core_2.13-0.4.3.jar!/reference.conf: 1,reference.conf @ jar:file:/Users/doruntinemaloku/Library/Caches/Coursier/v1/https/repo1.maven.org/maven2/com/typesafe/akka/akka-stream_2.13/2.6.19/akka-stream_2.13-2.6.19.jar!/reference.conf: 1: No configuration setting found for key 'db'
2022-07-28 17:00:45 [34mINFO [0;39m [36mplay.api.http.EnabledFilters[0;39m [35m[0;39m Enabled Filters (see <https://www.playframework.com/documentation/latest/Filters>):

    play.filters.csrf.CSRFFilter
    play.filters.headers.SecurityHeadersFilter
    play.filters.hosts.AllowedHostsFilter

2022-07-28 17:00:45 [34mINFO [0;39m [36mplay.api.Play[0;39m [35m[0;39m Application started (Dev) (no global state)
2022-07-28 17:00:46 [1;31mERROR[0;39m [36mp.api.http.DefaultHttpErrorHandler[0;39m [35m[0;39m 

! @7oec08iap - Internal server error, for (POST) [/api/verify/] ->
 
play.api.http.HttpErrorHandlerExceptions$$anon$1: Execution exception[[IllegalArgumentException: invalid hexadecimal representation of an ObjectId: [49]]]
	at play.api.http.HttpErrorHandlerExceptions$.$anonfun$convertToPlayException$2(HttpErrorHandler.scala:381)
	at scala.Option.map(Option.scala:242)
	at play.api.http.HttpErrorHandlerExceptions$.convertToPlayException(HttpErrorHandler.scala:380)
	at play.api.http.HttpErrorHandlerExceptions$.throwableToUsefulException(HttpErrorHandler.scala:373)
	at play.api.http.DefaultHttpErrorHandler.onServerError(HttpErrorHandler.scala:264)
	at play.core.server.AkkaHttpServer$$anonfun$2.applyOrElse(AkkaHttpServer.scala:436)
	at play.core.server.AkkaHttpServer$$anonfun$2.applyOrElse(AkkaHttpServer.scala:428)
	at scala.concurrent.impl.Promise$Transformation.run(Promise.scala:490)
	at akka.dispatch.BatchingExecutor$AbstractBatch.processBatch(BatchingExecutor.scala:63)
	at akka.dispatch.BatchingExecutor$BlockableBatch.$anonfun$run$1(BatchingExecutor.scala:100)
	at scala.runtime.java8.JFunction0$mcV$sp.apply(JFunction0$mcV$sp.scala:18)
	at scala.concurrent.BlockContext$.withBlockContext(BlockContext.scala:94)
	at akka.dispatch.BatchingExecutor$BlockableBatch.run(BatchingExecutor.scala:100)
	at akka.dispatch.TaskInvocation.run(AbstractDispatcher.scala:49)
	at akka.dispatch.ForkJoinExecutorConfigurator$AkkaForkJoinTask.exec(ForkJoinExecutorConfigurator.scala:48)
	at java.base/java.util.concurrent.ForkJoinTask.doExec(ForkJoinTask.java:290)
	at java.base/java.util.concurrent.ForkJoinPool$WorkQueue.topLevelExec(ForkJoinPool.java:1020)
	at java.base/java.util.concurrent.ForkJoinPool.scan(ForkJoinPool.java:1656)
	at java.base/java.util.concurrent.ForkJoinPool.runWorker(ForkJoinPool.java:1594)
	at java.base/java.util.concurrent.ForkJoinWorkerThread.run(ForkJoinWorkerThread.java:177)
Caused by: java.lang.IllegalArgumentException: invalid hexadecimal representation of an ObjectId: [49]
	at org.bson.types.ObjectId.parseHexString(ObjectId.java:390)
	at org.bson.types.ObjectId.<init>(ObjectId.java:193)
	at io.backend.api.controllers.BackendAPI_Controller.verify(BackendAPI_Controller.java:76)
	at router.Routes$$anonfun$routes$1.$anonfun$applyOrElse$8(Routes.scala:218)
	at play.core.routing.HandlerInvokerFactory$$anon$8.resultCall(HandlerInvoker.scala:150)
	at play.core.routing.HandlerInvokerFactory$$anon$8.resultCall(HandlerInvoker.scala:149)
	at play.core.routing.HandlerInvokerFactory$JavaActionInvokerFactory$$anon$3$$anon$4$$anon$5.invocation(HandlerInvoker.scala:115)
	at play.core.j.JavaAction$$anon$1.call(JavaAction.scala:119)
	at play.http.DefaultActionCreator$1.call(DefaultActionCreator.java:33)
	at play.core.j.JavaAction.$anonfun$apply$8(JavaAction.scala:175)
	at scala.concurrent.Future$.$anonfun$apply$1(Future.scala:678)
	at scala.concurrent.impl.Promise$Transformation.run(Promise.scala:467)
	at play.core.j.HttpExecutionContext.$anonfun$execute$1(HttpExecutionContext.scala:64)
	at play.api.libs.streams.Execution$trampoline$.execute(Execution.scala:70)
	at play.core.j.HttpExecutionContext.execute(HttpExecutionContext.scala:59)
	at scala.concurrent.impl.Promise$Transformation.submitWithValue(Promise.scala:429)
	at scala.concurrent.impl.Promise$DefaultPromise.submitWithValue(Promise.scala:338)
	at scala.concurrent.impl.Promise$DefaultPromise.dispatchOrAddCallbacks(Promise.scala:312)
	at scala.concurrent.impl.Promise$DefaultPromise.map(Promise.scala:182)
	at scala.concurrent.Future$.apply(Future.scala:678)
	at play.core.j.JavaAction.apply(JavaAction.scala:176)
	at play.api.mvc.Action.$anonfun$apply$4(Action.scala:82)
	at play.api.libs.streams.StrictAccumulator.$anonfun$mapFuture$4(Accumulator.scala:168)
	at scala.util.Try$.apply(Try.scala:210)
	at play.api.libs.streams.StrictAccumulator.$anonfun$mapFuture$3(Accumulator.scala:168)
	at scala.Function1.$anonfun$andThen$1(Function1.scala:85)
	at scala.Function1.$anonfun$andThen$1(Function1.scala:85)
	at play.api.libs.streams.StrictAccumulator.run(Accumulator.scala:199)
	at play.core.server.AkkaHttpServer.$anonfun$runAction$4(AkkaHttpServer.scala:423)
	at akka.http.scaladsl.util.FastFuture$.strictTransform$1(FastFuture.scala:41)
	at akka.http.scaladsl.util.FastFuture$.$anonfun$transformWith$3(FastFuture.scala:51)
	at scala.concurrent.impl.Promise$Transformation.run(Promise.scala:484)
	... 12 common frames omitted
